[expo-notifications] Listening to push token changes is not yet fully supported on web. Adding a listener will have no effect.
[expo-notifications] Listening to push token changes is not yet fully supported on web. Adding a listener will have no effect.
[expo-notifications] Listening to push token changes is not yet fully supported on web. Adding a listener will have no effect.
[expo-notifications] Listening to push token changes is not yet fully supported on web. Adding a listener will have no effect.
[expo-notifications] Listening to push token changes is not yet fully supported on web. Adding a listener will have no effect.
[expo-notifications] Listening to push token changes is not yet fully supported on web. Adding a listener will have no effect.
[expo-notifications] Listening to push token changes is not yet fully supported on web. Adding a listener will have no effect.
[expo-notifications] Listening to push token changes is not yet fully supported on web. Adding a listener will have no effect.
[expo-notifications] Listening to push token changes is not yet fully supported on web. Adding a listener will have no effect.
[expo-notifications] Listening to push token changes is not yet fully supported on web. Adding a listener will have no effect.
[expo-notifications] Listening to push token changes is not yet fully supported on web. Adding a listener will have no effect.
[expo-notifications] Listening to push token changes is not yet fully supported on web. Adding a listener will have no effect.
[expo-notifications] Listening to push token changes is not yet fully supported on web. Adding a listener will have no effect.
[expo-notifications] Listening to push token changes is not yet fully supported on web. Adding a listener will have no effect.
[expo-notifications] Listening to push token changes is not yet fully supported on web. Adding a listener will have no effect.
[expo-notifications] Listening to push token changes is not yet fully supported on web. Adding a listener will have no effect.
[expo-notifications] Listening to push token changes is not yet fully supported on web. Adding a listener will have no effect.
[expo-notifications] Listening to push token changes is not yet fully supported on web. Adding a listener will have no effect.
Error: Cannot pipe to a closed or destroyed stream
    at pipelineImpl (node:internal/streams/pipeline:264:15)
    at node:stream/promises:31:5
    at new Promise (<anonymous>)
    at pipeline (node:stream/promises:20:10)
    at respond (C:\Users\marwa\GatorGuide\Mobile Team\node_modules\expo-server\src\vendor\http.ts:138:19)
    at C:\Users\marwa\GatorGuide\Mobile Team\node_modules\expo-server\src\vendor\http.ts:68:13
    at processTicksAndRejections (node:internal/process/task_queues:103:5)
Error: Cannot pipe to a closed or destroyed stream
    at pipelineImpl (node:internal/streams/pipeline:264:15)
    at node:stream/promises:31:5
    at new Promise (<anonymous>)
    at pipeline (node:stream/promises:20:10)
    at respond (C:\Users\marwa\GatorGuide\Mobile Team\node_modules\expo-server\src\vendor\http.ts:138:19)
    at C:\Users\marwa\GatorGuide\Mobile Team\node_modules\expo-server\src\vendor\http.ts:68:13
    at processTicksAndRejections (node:internal/process/task_queues:103:5)
Error: Cannot pipe to a closed or destroyed stream
    at pipelineImpl (node:internal/streams/pipeline:264:15)
    at node:stream/promises:31:5
    at new Promise (<anonymous>)
    at pipeline (node:stream/promises:20:10)
    at respond (C:\Users\marwa\GatorGuide\Mobile Team\node_modules\expo-server\src\vendor\http.ts:138:19)
    at C:\Users\marwa\GatorGuide\Mobile Team\node_modules\expo-server\src\vendor\http.ts:68:13
    at processTicksAndRejections (node:internal/process/task_queues:103:5)
Error: Cannot pipe to a closed or destroyed stream
    at pipelineImpl (node:internal/streams/pipeline:264:15)
    at node:stream/promises:31:5
    at new Promise (<anonymous>)
    at pipeline (node:stream/promises:20:10)
    at respond (C:\Users\marwa\GatorGuide\Mobile Team\node_modules\expo-server\src\vendor\http.ts:138:19)
    at C:\Users\marwa\GatorGuide\Mobile Team\node_modules\expo-server\src\vendor\http.ts:68:13
    at processTicksAndRejections (node:internal/process/task_queues:103:5)
Error: Cannot pipe to a closed or destroyed stream
    at pipelineImpl (node:internal/streams/pipeline:264:15)
    at node:stream/promises:31:5
    at new Promise (<anonymous>)
    at pipeline (node:stream/promises:20:10)
    at respond (C:\Users\marwa\GatorGuide\Mobile Team\node_modules\expo-server\src\vendor\http.ts:138:19)
    at C:\Users\marwa\GatorGuide\Mobile Team\node_modules\expo-server\src\vendor\http.ts:68:13
    at processTicksAndRejections (node:internal/process/task_queues:103:5)
Error: Cannot pipe to a closed or destroyed stream
    at pipelineImpl (node:internal/streams/pipeline:264:15)
    at node:stream/promises:31:5
    at new Promise (<anonymous>)
    at pipeline (node:stream/promises:20:10)
    at respond (C:\Users\marwa\GatorGuide\Mobile Team\node_modules\expo-server\src\vendor\http.ts:138:19)
    at C:\Users\marwa\GatorGuide\Mobile Team\node_modules\expo-server\src\vendor\http.ts:68:13
    at processTicksAndRejections (node:internal/process/task_queues:103:5)
Error: Cannot pipe to a closed or destroyed stream
    at pipelineImpl (node:internal/streams/pipeline:264:15)
    at node:stream/promises:31:5
    at new Promise (<anonymous>)
    at pipeline (node:stream/promises:20:10)
    at respond (C:\Users\marwa\GatorGuide\Mobile Team\node_modules\expo-server\src\vendor\http.ts:138:19)
    at C:\Users\marwa\GatorGuide\Mobile Team\node_modules\expo-server\src\vendor\http.ts:68:13
    at processTicksAndRejections (node:internal/process/task_queues:103:5)
Error: Cannot pipe to a closed or destroyed stream
    at pipelineImpl (node:internal/streams/pipeline:264:15)
    at node:stream/promises:31:5
    at new Promise (<anonymous>)
    at pipeline (node:stream/promises:20:10)
    at respond (C:\Users\marwa\GatorGuide\Mobile Team\node_modules\expo-server\src\vendor\http.ts:138:19)
    at C:\Users\marwa\GatorGuide\Mobile Team\node_modules\expo-server\src\vendor\http.ts:68:13
    at processTicksAndRejections (node:internal/process/task_queues:103:5)
Error: Cannot pipe to a closed or destroyed stream
    at pipelineImpl (node:internal/streams/pipeline:264:15)
    at node:stream/promises:31:5
    at new Promise (<anonymous>)
    at pipeline (node:stream/promises:20:10)
    at respond (C:\Users\marwa\GatorGuide\Mobile Team\node_modules\expo-server\src\vendor\http.ts:138:19)
    at C:\Users\marwa\GatorGuide\Mobile Team\node_modules\expo-server\src\vendor\http.ts:68:13
    at processTicksAndRejections (node:internal/process/task_queues:103:5)
Error: Cannot pipe to a closed or destroyed stream
    at pipelineImpl (node:internal/streams/pipeline:264:15)
    at node:stream/promises:31:5
    at new Promise (<anonymous>)
    at pipeline (node:stream/promises:20:10)
    at respond (C:\Users\marwa\GatorGuide\Mobile Team\node_modules\expo-server\src\vendor\http.ts:138:19)
    at C:\Users\marwa\GatorGuide\Mobile Team\node_modules\expo-server\src\vendor\http.ts:68:13
    at processTicksAndRejections (node:internal/process/task_queues:103:5)
Error: Cannot pipe to a closed or destroyed stream
    at pipelineImpl (node:internal/streams/pipeline:264:15)
    at node:stream/promises:31:5
    at new Promise (<anonymous>)
    at pipeline (node:stream/promises:20:10)
    at respond (C:\Users\marwa\GatorGuide\Mobile Team\node_modules\expo-server\src\vendor\http.ts:138:19)
    at C:\Users\marwa\GatorGuide\Mobile Team\node_modules\expo-server\src\vendor\http.ts:68:13
    at processTicksAndRejections (node:internal/process/task_queues:103:5)
Error: Cannot pipe to a closed or destroyed stream
    at pipelineImpl (node:internal/streams/pipeline:264:15)
    at node:stream/promises:31:5
    at new Promise (<anonymous>)
    at pipeline (node:stream/promises:20:10)
    at respond (C:\Users\marwa\GatorGuide\Mobile Team\node_modules\expo-server\src\vendor\http.ts:138:19)
    at C:\Users\marwa\GatorGuide\Mobile Team\node_modules\expo-server\src\vendor\http.ts:68:13
    at processTicksAndRejections (node:internal/process/task_queues:103:5)
Error: Cannot pipe to a closed or destroyed stream
    at pipelineImpl (node:internal/streams/pipeline:264:15)
    at node:stream/promises:31:5
    at new Promise (<anonymous>)
    at pipeline (node:stream/promises:20:10)
    at respond (C:\Users\marwa\GatorGuide\Mobile Team\node_modules\expo-server\src\vendor\http.ts:138:19)
    at C:\Users\marwa\GatorGuide\Mobile Team\node_modules\expo-server\src\vendor\http.ts:68:13
    at processTicksAndRejections (node:internal/process/task_queues:103:5)
Error: Cannot pipe to a closed or destroyed stream
    at pipelineImpl (node:internal/streams/pipeline:264:15)
    at node:stream/promises:31:5
    at new Promise (<anonymous>)
    at pipeline (node:stream/promises:20:10)
    at respond (C:\Users\marwa\GatorGuide\Mobile Team\node_modules\expo-server\src\vendor\http.ts:138:19)
    at C:\Users\marwa\GatorGuide\Mobile Team\node_modules\expo-server\src\vendor\http.ts:68:13
    at processTicksAndRejections (node:internal/process/task_queues:103:5)
Error: Cannot pipe to a closed or destroyed stream
    at pipelineImpl (node:internal/streams/pipeline:264:15)
    at node:stream/promises:31:5
    at new Promise (<anonymous>)
    at pipeline (node:stream/promises:20:10)
    at respond (C:\Users\marwa\GatorGuide\Mobile Team\node_modules\expo-server\src\vendor\http.ts:138:19)
    at C:\Users\marwa\GatorGuide\Mobile Team\node_modules\expo-server\src\vendor\http.ts:68:13
    at processTicksAndRejections (node:internal/process/task_queues:103:5)
[expo-notifications] Listening to push token changes is not yet fully supported on web. Adding a listener will have no effect.
[expo-notifications] Listening to push token changes is not yet fully supported on web. Adding a listener will have no effect.
Error: Cannot pipe to a closed or destroyed stream
    at pipelineImpl (node:internal/streams/pipeline:264:15)
    at node:stream/promises:31:5
    at new Promise (<anonymous>)
    at pipeline (node:stream/promises:20:10)
    at respond (C:\Users\marwa\GatorGuide\Mobile Team\node_modules\expo-server\src\vendor\http.ts:138:19)
    at C:\Users\marwa\GatorGuide\Mobile Team\node_modules\expo-server\src\vendor\http.ts:68:13
    at processTicksAndRejections (node:internal/process/task_queues:103:5)
Error: Cannot pipe to a closed or destroyed stream
    at pipelineImpl (node:internal/streams/pipeline:264:15)
    at node:stream/promises:31:5
    at new Promise (<anonymous>)
    at pipeline (node:stream/promises:20:10)
    at respond (C:\Users\marwa\GatorGuide\Mobile Team\node_modules\expo-server\src\vendor\http.ts:138:19)
    at C:\Users\marwa\GatorGuide\Mobile Team\node_modules\expo-server\src\vendor\http.ts:68:13
    at processTicksAndRejections (node:internal/process/task_queues:103:5)
[expo-notifications] Listening to push token changes is not yet fully supported on web. Adding a listener will have no effect.
[expo-notifications] Listening to push token changes is not yet fully supported on web. Adding a listener will have no effect.
[expo-notifications] Listening to push token changes is not yet fully supported on web. Adding a listener will have no effect.
[expo-notifications] Listening to push token changes is not yet fully supported on web. Adding a listener will have no effect.
Error: Cannot pipe to a closed or destroyed stream
    at pipelineImpl (node:internal/streams/pipeline:264:15)
    at node:stream/promises:31:5
    at new Promise (<anonymous>)
    at pipeline (node:stream/promises:20:10)
    at respond (C:\Users\marwa\GatorGuide\Mobile Team\node_modules\expo-server\src\vendor\http.ts:138:19)
    at C:\Users\marwa\GatorGuide\Mobile Team\node_modules\expo-server\src\vendor\http.ts:68:13
    at processTicksAndRejections (node:internal/process/task_queues:103:5)
[expo-notifications] Listening to push token changes is not yet fully supported on web. Adding a listener will have no effect.
[expo-notifications] Listening to push token changes is not yet fully supported on web. Adding a listener will have no effect.
[expo-notifications] Listening to push token changes is not yet fully supported on web. Adding a listener will have no effect.
Error: Cannot pipe to a closed or destroyed stream
    at pipelineImpl (node:internal/streams/pipeline:264:15)
    at node:stream/promises:31:5
    at new Promise (<anonymous>)
    at pipeline (node:stream/promises:20:10)
    at respond (C:\Users\marwa\GatorGuide\Mobile Team\node_modules\expo-server\src\vendor\http.ts:138:19)
    at C:\Users\marwa\GatorGuide\Mobile Team\node_modules\expo-server\src\vendor\http.ts:68:13
    at processTicksAndRejections (node:internal/process/task_queues:103:5)
Error: Cannot pipe to a closed or destroyed stream
    at pipelineImpl (node:internal/streams/pipeline:264:15)
    at node:stream/promises:31:5
    at new Promise (<anonymous>)
    at pipeline (node:stream/promises:20:10)
    at respond (C:\Users\marwa\GatorGuide\Mobile Team\node_modules\expo-server\src\vendor\http.ts:138:19)
    at C:\Users\marwa\GatorGuide\Mobile Team\node_modules\expo-server\src\vendor\http.ts:68:13
    at processTicksAndRejections (node:internal/process/task_queues:103:5)
Error: Cannot pipe to a closed or destroyed stream
    at pipelineImpl (node:internal/streams/pipeline:264:15)
    at node:stream/promises:31:5
    at new Promise (<anonymous>)
    at pipeline (node:stream/promises:20:10)
    at respond (C:\Users\marwa\GatorGuide\Mobile Team\node_modules\expo-server\src\vendor\http.ts:138:19)
    at C:\Users\marwa\GatorGuide\Mobile Team\node_modules\expo-server\src\vendor\http.ts:68:13
    at processTicksAndRejections (node:internal/process/task_queues:103:5)
Error: Cannot pipe to a closed or destroyed stream
    at pipelineImpl (node:internal/streams/pipeline:264:15)
    at node:stream/promises:31:5
    at new Promise (<anonymous>)
    at pipeline (node:stream/promises:20:10)
    at respond (C:\Users\marwa\GatorGuide\Mobile Team\node_modules\expo-server\src\vendor\http.ts:138:19)
    at C:\Users\marwa\GatorGuide\Mobile Team\node_modules\expo-server\src\vendor\http.ts:68:13
    at processTicksAndRejections (node:internal/process/task_queues:103:5)
Error: Cannot pipe to a closed or destroyed stream
    at pipelineImpl (node:internal/streams/pipeline:264:15)
    at node:stream/promises:31:5
    at new Promise (<anonymous>)
    at pipeline (node:stream/promises:20:10)
    at respond (C:\Users\marwa\GatorGuide\Mobile Team\node_modules\expo-server\src\vendor\http.ts:138:19)
    at C:\Users\marwa\GatorGuide\Mobile Team\node_modules\expo-server\src\vendor\http.ts:68:13
    at processTicksAndRejections (node:internal/process/task_queues:103:5)
Error: Cannot pipe to a closed or destroyed stream
    at pipelineImpl (node:internal/streams/pipeline:264:15)
    at node:stream/promises:31:5
    at new Promise (<anonymous>)
    at pipeline (node:stream/promises:20:10)
    at respond (C:\Users\marwa\GatorGuide\Mobile Team\node_modules\expo-server\src\vendor\http.ts:138:19)
    at C:\Users\marwa\GatorGuide\Mobile Team\node_modules\expo-server\src\vendor\http.ts:68:13
    at processTicksAndRejections (node:internal/process/task_queues:103:5)
Error: Cannot pipe to a closed or destroyed stream
    at pipelineImpl (node:internal/streams/pipeline:264:15)
    at node:stream/promises:31:5
    at new Promise (<anonymous>)
    at pipeline (node:stream/promises:20:10)
    at respond (C:\Users\marwa\GatorGuide\Mobile Team\node_modules\expo-server\src\vendor\http.ts:138:19)
    at C:\Users\marwa\GatorGuide\Mobile Team\node_modules\expo-server\src\vendor\http.ts:68:13
    at processTicksAndRejections (node:internal/process/task_queues:103:5)
[expo-notifications] Listening to push token changes is not yet fully supported on web. Adding a listener will have no effect.
[expo-notifications] Listening to push token changes is not yet fully supported on web. Adding a listener will have no effect.
[expo-notifications] Listening to push token changes is not yet fully supported on web. Adding a listener will have no effect.
[expo-notifications] Listening to push token changes is not yet fully supported on web. Adding a listener will have no effect.
[expo-notifications] Listening to push token changes is not yet fully supported on web. Adding a listener will have no effect.
